Determining if the pthread_create exist failed with the following output:
Change Dir: /home/vofa2169/Desktop/Bachelor/visualTextAnalysis.new/trunk/ext/wikidb/build/CMakeFiles/CMakeTmp

Run Build Command:"/usr/bin/make" "cmTryCompileExec2406696802/fast"
/usr/bin/make -f CMakeFiles/cmTryCompileExec2406696802.dir/build.make CMakeFiles/cmTryCompileExec2406696802.dir/build
make[1]: Entering directory `/home/vofa2169/Desktop/Bachelor/visualTextAnalysis.new/trunk/ext/wikidb/build/CMakeFiles/CMakeTmp'
/usr/bin/cmake -E cmake_progress_report /home/vofa2169/Desktop/Bachelor/visualTextAnalysis.new/trunk/ext/wikidb/build/CMakeFiles/CMakeTmp/CMakeFiles 1
Building C object CMakeFiles/cmTryCompileExec2406696802.dir/CheckSymbolExists.c.o
/usr/bin/cc    -o CMakeFiles/cmTryCompileExec2406696802.dir/CheckSymbolExists.c.o   -c /home/vofa2169/Desktop/Bachelor/visualTextAnalysis.new/trunk/ext/wikidb/build/CMakeFiles/CMakeTmp/CheckSymbolExists.c
Linking C executable cmTryCompileExec2406696802
/usr/bin/cmake -E cmake_link_script CMakeFiles/cmTryCompileExec2406696802.dir/link.txt --verbose=1
/usr/bin/cc       CMakeFiles/cmTryCompileExec2406696802.dir/CheckSymbolExists.c.o  -o cmTryCompileExec2406696802 -rdynamic 
CMakeFiles/cmTryCompileExec2406696802.dir/CheckSymbolExists.c.o: In function `main':
CheckSymbolExists.c:(.text+0x16): undefined reference to `pthread_create'
collect2: error: ld returned 1 exit status
make[1]: Leaving directory `/home/vofa2169/Desktop/Bachelor/visualTextAnalysis.new/trunk/ext/wikidb/build/CMakeFiles/CMakeTmp'
make[1]: *** [cmTryCompileExec2406696802] Error 1
make: *** [cmTryCompileExec2406696802/fast] Error 2

File /home/vofa2169/Desktop/Bachelor/visualTextAnalysis.new/trunk/ext/wikidb/build/CMakeFiles/CMakeTmp/CheckSymbolExists.c:
/* */
#include <pthread.h>

int main(int argc, char** argv)
{
  (void)argv;
#ifndef pthread_create
  return ((int*)(&pthread_create))[argc];
#else
  (void)argc;
  return 0;
#endif
}

Determining if the function pthread_create exists in the pthreads failed with the following output:
Change Dir: /home/vofa2169/Desktop/Bachelor/visualTextAnalysis.new/trunk/ext/wikidb/build/CMakeFiles/CMakeTmp

Run Build Command:"/usr/bin/make" "cmTryCompileExec2486775020/fast"
/usr/bin/make -f CMakeFiles/cmTryCompileExec2486775020.dir/build.make CMakeFiles/cmTryCompileExec2486775020.dir/build
make[1]: Entering directory `/home/vofa2169/Desktop/Bachelor/visualTextAnalysis.new/trunk/ext/wikidb/build/CMakeFiles/CMakeTmp'
/usr/bin/cmake -E cmake_progress_report /home/vofa2169/Desktop/Bachelor/visualTextAnalysis.new/trunk/ext/wikidb/build/CMakeFiles/CMakeTmp/CMakeFiles 1
Building C object CMakeFiles/cmTryCompileExec2486775020.dir/CheckFunctionExists.c.o
/usr/bin/cc   -DCHECK_FUNCTION_EXISTS=pthread_create   -o CMakeFiles/cmTryCompileExec2486775020.dir/CheckFunctionExists.c.o   -c /usr/share/cmake-3.2/Modules/CheckFunctionExists.c
Linking C executable cmTryCompileExec2486775020
/usr/bin/cmake -E cmake_link_script CMakeFiles/cmTryCompileExec2486775020.dir/link.txt --verbose=1
/usr/bin/cc   -DCHECK_FUNCTION_EXISTS=pthread_create    CMakeFiles/cmTryCompileExec2486775020.dir/CheckFunctionExists.c.o  -o cmTryCompileExec2486775020 -rdynamic -lpthreads 
/usr/bin/ld: cannot find -lpthreads
collect2: error: ld returned 1 exit status
make[1]: Leaving directory `/home/vofa2169/Desktop/Bachelor/visualTextAnalysis.new/trunk/ext/wikidb/build/CMakeFiles/CMakeTmp'
make[1]: *** [cmTryCompileExec2486775020] Error 1
make: *** [cmTryCompileExec2486775020/fast] Error 2


